{"txn_id": "SYSTEM", "op": "CHECKPOINT", "snapshot": {"assignment3": {"Member": [{"Member_ID": "M01", "Name": "Rahul Sharma", "Gender": "M", "Email": "user1@iitgn.ac.in", "Phone_Number": "900000001", "Age": 18, "DOB": "", "Image": ""}, {"Member_ID": "M02", "Name": "Neha Singh", "Gender": "F", "Email": "user2@iitgn.ac.in", "Phone_Number": "900000002", "Age": 19, "DOB": "", "Image": ""}, {"Member_ID": "M03", "Name": "Aman Verma", "Gender": "M", "Email": "user3@iitgn.ac.in", "Phone_Number": "900000003", "Age": 20, "DOB": "", "Image": ""}, {"Member_ID": "M04", "Name": "Priya Mehta", "Gender": "F", "Email": "user4@iitgn.ac.in", "Phone_Number": "900000004", "Age": 21, "DOB": "", "Image": ""}, {"Member_ID": "M05", "Name": "Rohan Das", "Gender": "M", "Email": "user5@iitgn.ac.in", "Phone_Number": "900000005", "Age": 22, "DOB": "", "Image": ""}, {"Member_ID": "M31", "Name": "Admin Rakesh", "Gender": "M", "Email": "user31@iitgn.ac.in", "Phone_Number": "900000031", "Age": 28, "DOB": "", "Image": ""}, {"Member_ID": "M32", "Name": "Admin Pooja", "Gender": "F", "Email": "user32@iitgn.ac.in", "Phone_Number": "900000032", "Age": 29, "DOB": "", "Image": ""}], "Facility": [{"Facility_ID": 1, "Facility_Name": "Football Ground", "Facility_Description": "105m x 68m FIFA standard grass field", "Status": "Available"}, {"Facility_ID": 2, "Facility_Name": "Basketball Court", "Facility_Description": "FIBA indoor wooden court with scoreboard", "Status": "Maintenance"}, {"Facility_ID": 3, "Facility_Name": "Cricket Stadium", "Facility_Description": "Turf pitch with 70m boundary", "Status": "Available"}, {"Facility_ID": 4, "Facility_Name": "Badminton Hall", "Facility_Description": "BWF synthetic indoor courts", "Status": "Available"}, {"Facility_ID": 5, "Facility_Name": "Swimming Pool", "Facility_Description": "50m Olympic size pool", "Status": "Available"}], "Booking": [{"Booking_ID": 1, "Facility_ID": 1, "Member_ID": "M01", "Time_In": "2026-02-01 13:30:00", "Time_Out": ""}, {"Booking_ID": 2, "Facility_ID": 2, "Member_ID": "M02", "Time_In": "2026-02-02 14:30:00", "Time_Out": "2026-02-02 17:30:00"}, {"Booking_ID": 3, "Facility_ID": 3, "Member_ID": "M03", "Time_In": "2026-02-03 15:30:00", "Time_Out": "2026-02-03 17:30:00"}], "Complaint": [{"Complaint_ID": "C01", "Member_ID": "M01", "Description": "Football goal net torn", "Status": "Resolved", "Date": "2026-02-01", "Resolved_By": "M31"}, {"Complaint_ID": "C02", "Member_ID": "M02", "Description": "Basketball scoreboard not working", "Status": "Resolved", "Date": "2026-02-01", "Resolved_By": "M32"}, {"Complaint_ID": "C03", "Member_ID": "M03", "Description": "Cricket pitch crack detected", "Status": "Open", "Date": "2026-02-01", "Resolved_By": ""}]}}}
{"txn_id": "T5", "op": "BEGIN"}
{"txn_id": "T5", "op": "UPDATE", "db": "assignment3", "table": "Facility", "key": 2, "old_value": {"Facility_ID": 2, "Facility_Name": "Basketball Court", "Facility_Description": "FIBA indoor wooden court with scoreboard", "Status": "Maintenance"}, "new_value": {"Facility_ID": 2, "Facility_Name": "Basketball Court", "Facility_Description": "FIBA indoor wooden court with scoreboard", "Status": "Available"}}
{"txn_id": "T5", "op": "COMMIT"}
{"txn_id": "T6", "op": "BEGIN"}
{"txn_id": "T6", "op": "INSERT", "db": "assignment3", "table": "Booking", "key": 4, "value": {"Booking_ID": 4, "Facility_ID": 3, "Member_ID": "M03", "Time_In": "2026-04-05 16:00:00", "Time_Out": "2026-04-05 17:00:00"}}
{"txn_id": "T6", "op": "COMMIT"}
{"txn_id": "T7", "op": "BEGIN"}
{"txn_id": "T7", "op": "DELETE", "db": "assignment3", "table": "Booking", "key": 4, "old_value": {"Booking_ID": 4, "Facility_ID": 3, "Member_ID": "M03", "Time_In": "2026-04-05 16:00:00", "Time_Out": "2026-04-05 17:00:00"}}
{"txn_id": "T7", "op": "COMMIT"}
{"txn_id": "T8", "op": "BEGIN"}
{"txn_id": "T8", "op": "INSERT", "db": "assignment3", "table": "Booking", "key": 5, "value": {"Booking_ID": 5, "Facility_ID": 4, "Member_ID": "M04", "Time_In": "2026-04-06 10:00:00", "Time_Out": "2026-04-06 11:00:00"}}
{"txn_id": "T8", "op": "UPDATE", "db": "assignment3", "table": "Facility", "key": 4, "old_value": {"Facility_ID": 4, "Facility_Name": "Badminton Hall", "Facility_Description": "BWF synthetic indoor courts", "Status": "Available"}, "new_value": {"Facility_ID": 4, "Facility_Name": "Badminton Hall", "Facility_Description": "BWF synthetic indoor courts", "Status": "Maintenance"}}
{"txn_id": "T8", "op": "INSERT", "db": "assignment3", "table": "Complaint", "key": "C04", "value": {"Complaint_ID": "C04", "Member_ID": "M04", "Description": "Post-booking inspection for facility 4", "Status": "Open", "Date": "2026-04-05", "Resolved_By": ""}}
{"txn_id": "T8", "op": "COMMIT"}
{"txn_id": "T9", "op": "BEGIN"}
{"txn_id": "T9", "op": "UPDATE", "db": "assignment3", "table": "Facility", "key": 4, "old_value": {"Facility_ID": 4, "Facility_Name": "Badminton Hall", "Facility_Description": "BWF synthetic indoor courts", "Status": "Maintenance"}, "new_value": {"Facility_ID": 4, "Facility_Name": "Badminton Hall", "Facility_Description": "BWF synthetic indoor courts", "Status": "Available"}}
{"txn_id": "T9", "op": "COMMIT"}
{"txn_id": "T10", "op": "BEGIN"}
{"txn_id": "T11", "op": "BEGIN"}
{"txn_id": "T12", "op": "BEGIN"}
{"txn_id": "T13", "op": "BEGIN"}
{"txn_id": "T14", "op": "BEGIN"}
{"txn_id": "T15", "op": "BEGIN"}
{"txn_id": "T16", "op": "BEGIN"}
{"txn_id": "T17", "op": "BEGIN"}
{"txn_id": "T18", "op": "BEGIN"}
{"txn_id": "T19", "op": "BEGIN"}
{"txn_id": "T20", "op": "BEGIN"}
{"txn_id": "T21", "op": "BEGIN"}
{"txn_id": "T10", "op": "INSERT", "db": "assignment3", "table": "Booking", "key": 17, "value": {"Booking_ID": 17, "Facility_ID": 906, "Member_ID": "MX9CF81812", "Time_In": "2026-04-07 09:00:00", "Time_Out": "2026-04-07 10:00:00"}}
{"txn_id": "T10", "op": "COMMIT"}
{"txn_id": "T11", "op": "ROLLBACK"}
{"txn_id": "T12", "op": "ROLLBACK"}
{"txn_id": "T13", "op": "ROLLBACK"}
{"txn_id": "T14", "op": "ROLLBACK"}
{"txn_id": "T15", "op": "ROLLBACK"}
{"txn_id": "T16", "op": "ROLLBACK"}
{"txn_id": "T17", "op": "ROLLBACK"}
{"txn_id": "T18", "op": "ROLLBACK"}
{"txn_id": "T19", "op": "ROLLBACK"}
{"txn_id": "T20", "op": "ROLLBACK"}
{"txn_id": "T21", "op": "ROLLBACK"}
